<?xml version="1.0" encoding="UTF-8"?>
<!-- Generated by org.testng.reporters.JUnitReportReporter -->
<testsuite hostname="IBM-7426FY3" failures="0" tests="3" name="IBM.Selenium.Startingpage" time="48.469" errors="0" timestamp="2025-08-26T13:15:32 IST" skipped="0">
  <testcase classname="IBM.Selenium.Startingpage" name="submitOrder" time="16.616"/>
  <testcase classname="IBM.Selenium.Startingpage" name="submitOrder" time="25.021"/>
  <testcase classname="IBM.Selenium.Startingpage" name="orderHistory" time="6.832"/>
</testsuite> <!-- IBM.Selenium.Startingpage -->
