<?xml version="1.0" encoding="UTF-8"?>
<!-- Generated by org.testng.reporters.JUnitReportReporter -->
<testsuite hostname="IBM-7426FY3" failures="0" tests="3" name="IBM.Selenium.Startingpage" time="26.415" errors="0" timestamp="2025-07-09T14:24:40 IST" skipped="0">
  <testcase classname="IBM.Selenium.Startingpage" name="submitOrder" time="9.593"/>
  <testcase classname="IBM.Selenium.Startingpage" name="submitOrder" time="10.565"/>
  <testcase classname="IBM.Selenium.Startingpage" name="orderHistory" time="6.257"/>
</testsuite> <!-- IBM.Selenium.Startingpage -->
