<?xml version="1.0" encoding="UTF-8"?>
<!-- Generated by org.testng.reporters.JUnitReportReporter -->
<testsuite hostname="IBM-7426FY3" failures="0" tests="2" name="IBM.Selenium.ErrorValidation" time="15.107" errors="0" timestamp="2025-07-09T14:24:40 IST" skipped="0">
  <testcase classname="IBM.Selenium.ErrorValidation" name="ProductErrorValidation" time="7.115"/>
  <testcase classname="IBM.Selenium.ErrorValidation" name="LoginErrorValidation" time="7.992"/>
</testsuite> <!-- IBM.Selenium.ErrorValidation -->
